<?xml version="1.0" encoding="UTF-8"?>
<testng-results ignored="1" total="2" passed="1" failed="0" skipped="0">
  <reporter-output>
  </reporter-output>
  <suite started-at="2020-12-30T03:20:32 IST" name="Suite" finished-at="2020-12-30T03:22:35 IST" duration-ms="123137">
    <groups>
    </groups>
    <test started-at="2020-12-30T03:20:32 IST" name="Test" finished-at="2020-12-30T03:22:35 IST" duration-ms="123137">
      <class name="rahulshettyacademy.Mavenjava.Reemy">
        <test-method signature="main()[pri:0, instance:rahulshettyacademy.Mavenjava.Reemy@6b8ca3c8]" started-at="2020-12-30T03:20:32 IST" name="main" finished-at="2020-12-30T03:22:35 IST" duration-ms="123055" status="PASS">
          <reporter-output>
          </reporter-output>
        </test-method> <!-- main -->
      </class> <!-- rahulshettyacademy.Mavenjava.Reemy -->
    </test> <!-- Test -->
  </suite> <!-- Suite -->
</testng-results>
