<?xml version="1.0" encoding="UTF-8"?>
<!-- Generated by org.testng.reporters.JUnitXMLReporter -->
<testsuite ignored="1" hostname="DESKTOP-9AMIVD3" failures="0" tests="1" name="Test" time="123.137" errors="0" timestamp="2020-12-30T03:22:35 IST">
  <testcase classname="rahulshettyacademy.Mavenjava.Reemy" name="main" time="123.055"/>
  <testcase classname="rahulshettyacademy.Mavenjava.Reemy" name="Intercom" time="0.0">
    <ignored/>
  </testcase> <!-- Intercom -->
</testsuite> <!-- Test -->
